# JRE version: Java(TM) SE Runtime Environment (8.0_91-b15) (build 1.8.0_91-b15)
# Java VM: Java HotSpot(TM) 64-Bit Server VM (25.91-b15 mixed mode windows-amd64 compressed oops)
Heap:
 PSYoungGen      total 131584K, used 21258K [0x000000076b200000, 0x0000000774200000, 0x00000007c0000000)
  eden space 125952K, 13% used [0x000000076b200000,0x000000076c209be0,0x0000000772d00000)
  from space 5632K, 85% used [0x0000000773c80000,0x0000000774138ec8,0x0000000774200000)
  to   space 10752K, 0% used [0x0000000772d00000,0x0000000772d00000,0x0000000773780000)
 ParOldGen       total 77312K, used 6011K [0x00000006c1600000, 0x00000006c6180000, 0x000000076b200000)
  object space 77312K, 7% used [0x00000006c1600000,0x00000006c1bdee70,0x00000006c6180000)
 Metaspace       used 28581K, capacity 29978K, committed 30208K, reserved 1075200K
  class space    used 4034K, capacity 4324K, committed 4352K, reserved 1048576K
GC Heap History (10 events):
Event: 1.669 GC heap before
{Heap before GC invocations=1 (full 0):
 PSYoungGen      total 76288K, used 65536K [0x000000076b200000, 0x0000000770700000, 0x00000007c0000000)
  eden space 65536K, 100% used [0x000000076b200000,0x000000076f200000,0x000000076f200000)
  from space 10752K, 0% used [0x000000076fc80000,0x000000076fc80000,0x0000000770700000)
  to   space 10752K, 0% used [0x000000076f200000,0x000000076f200000,0x000000076fc80000)
 ParOldGen       total 175104K, used 0K [0x00000006c1600000, 0x00000006cc100000, 0x000000076b200000)
  object space 175104K, 0% used [0x00000006c1600000,0x00000006c1600000,0x00000006cc100000)
 Metaspace       used 14702K, capacity 15412K, committed 15488K, reserved 1062912K
  class space    used 1945K, capacity 2114K, committed 2176K, reserved 1048576K
Event: 1.676 GC heap after
Heap after GC invocations=1 (full 0):
 PSYoungGen      total 76288K, used 8300K [0x000000076b200000, 0x0000000770700000, 0x00000007c0000000)
  eden space 65536K, 0% used [0x000000076b200000,0x000000076b200000,0x000000076f200000)
  from space 10752K, 77% used [0x000000076f200000,0x000000076fa1b1b0,0x000000076fc80000)
  to   space 10752K, 0% used [0x000000076fc80000,0x000000076fc80000,0x0000000770700000)
 ParOldGen       total 175104K, used 16K [0x00000006c1600000, 0x00000006cc100000, 0x000000076b200000)
  object space 175104K, 0% used [0x00000006c1600000,0x00000006c1604000,0x00000006cc100000)
 Metaspace       used 14702K, capacity 15412K, committed 15488K, reserved 1062912K
  class space    used 1945K, capacity 2114K, committed 2176K, reserved 1048576K
}
Event: 2.352 GC heap before
{Heap before GC invocations=2 (full 0):
 PSYoungGen      total 76288K, used 73836K [0x000000076b200000, 0x0000000770700000, 0x00000007c0000000)
  eden space 65536K, 100% used [0x000000076b200000,0x000000076f200000,0x000000076f200000)
  from space 10752K, 77% used [0x000000076f200000,0x000000076fa1b1b0,0x000000076fc80000)
  to   space 10752K, 0% used [0x000000076fc80000,0x000000076fc80000,0x0000000770700000)
 ParOldGen       total 175104K, used 16K [0x00000006c1600000, 0x00000006cc100000, 0x000000076b200000)
  object space 175104K, 0% used [0x00000006c1600000,0x00000006c1604000,0x00000006cc100000)
 Metaspace       used 20069K, capacity 21242K, committed 21296K, reserved 1067008K
  class space    used 2686K, capacity 2909K, committed 2944K, reserved 1048576K
Event: 2.360 GC heap after
Heap after GC invocations=2 (full 0):
 PSYoungGen      total 76288K, used 10743K [0x000000076b200000, 0x0000000770700000, 0x00000007c0000000)
  eden space 65536K, 0% used [0x000000076b200000,0x000000076b200000,0x000000076f200000)
  from space 10752K, 99% used [0x000000076fc80000,0x00000007706fde48,0x0000000770700000)
  to   space 10752K, 0% used [0x000000076f200000,0x000000076f200000,0x000000076fc80000)
 ParOldGen       total 175104K, used 636K [0x00000006c1600000, 0x00000006cc100000, 0x000000076b200000)
  object space 175104K, 0% used [0x00000006c1600000,0x00000006c169f030,0x00000006cc100000)
 Metaspace       used 20069K, capacity 21242K, committed 21296K, reserved 1067008K
  class space    used 2686K, capacity 2909K, committed 2944K, reserved 1048576K
}
Event: 2.365 GC heap before
{Heap before GC invocations=3 (full 0):
 PSYoungGen      total 76288K, used 11940K [0x000000076b200000, 0x0000000770700000, 0x00000007c0000000)
  eden space 65536K, 1% used [0x000000076b200000,0x000000076b32b328,0x000000076f200000)
  from space 10752K, 99% used [0x000000076fc80000,0x00000007706fde48,0x0000000770700000)
  to   space 10752K, 0% used [0x000000076f200000,0x000000076f200000,0x000000076fc80000)
 ParOldGen       total 175104K, used 636K [0x00000006c1600000, 0x00000006cc100000, 0x000000076b200000)
  object space 175104K, 0% used [0x00000006c1600000,0x00000006c169f030,0x00000006cc100000)
 Metaspace       used 20095K, capacity 21274K, committed 21296K, reserved 1067008K
  class space    used 2692K, capacity 2941K, committed 2944K, reserved 1048576K
Event: 2.369 GC heap after
Heap after GC invocations=3 (full 0):
 PSYoungGen      total 76288K, used 6136K [0x000000076b200000, 0x0000000774700000, 0x00000007c0000000)
  eden space 65536K, 0% used [0x000000076b200000,0x000000076b200000,0x000000076f200000)
  from space 10752K, 57% used [0x000000076f200000,0x000000076f7fe030,0x000000076fc80000)
  to   space 10752K, 0% used [0x0000000773c80000,0x0000000773c80000,0x0000000774700000)
 ParOldGen       total 175104K, used 644K [0x00000006c1600000, 0x00000006cc100000, 0x000000076b200000)
  object space 175104K, 0% used [0x00000006c1600000,0x00000006c16a1030,0x00000006cc100000)
 Metaspace       used 20095K, capacity 21274K, committed 21296K, reserved 1067008K
  class space    used 2692K, capacity 2941K, committed 2944K, reserved 1048576K
}
Event: 2.369 GC heap before
{Heap before GC invocations=4 (full 1):
 PSYoungGen      total 76288K, used 6136K [0x000000076b200000, 0x0000000774700000, 0x00000007c0000000)
  eden space 65536K, 0% used [0x000000076b200000,0x000000076b200000,0x000000076f200000)
  from space 10752K, 57% used [0x000000076f200000,0x000000076f7fe030,0x000000076fc80000)
  to   space 10752K, 0% used [0x0000000773c80000,0x0000000773c80000,0x0000000774700000)
 ParOldGen       total 175104K, used 644K [0x00000006c1600000, 0x00000006cc100000, 0x000000076b200000)
  object space 175104K, 0% used [0x00000006c1600000,0x00000006c16a1030,0x00000006cc100000)
 Metaspace       used 20095K, capacity 21274K, committed 21296K, reserved 1067008K
  class space    used 2692K, capacity 2941K, committed 2944K, reserved 1048576K
Event: 2.396 GC heap after
Heap after GC invocations=4 (full 1):
 PSYoungGen      total 76288K, used 0K [0x000000076b200000, 0x0000000774700000, 0x00000007c0000000)
  eden space 65536K, 0% used [0x000000076b200000,0x000000076b200000,0x000000076f200000)
  from space 10752K, 0% used [0x000000076f200000,0x000000076f200000,0x000000076fc80000)
  to   space 10752K, 0% used [0x0000000773c80000,0x0000000773c80000,0x0000000774700000)
 ParOldGen       total 77312K, used 6003K [0x00000006c1600000, 0x00000006c6180000, 0x000000076b200000)
  object space 77312K, 7% used [0x00000006c1600000,0x00000006c1bdce70,0x00000006c6180000)
 Metaspace       used 20087K, capacity 21262K, committed 21296K, reserved 1067008K
  class space    used 2689K, capacity 2935K, committed 2944K, reserved 1048576K
}
Event: 3.310 GC heap before
{Heap before GC invocations=5 (full 1):
 PSYoungGen      total 76288K, used 65536K [0x000000076b200000, 0x0000000774700000, 0x00000007c0000000)
  eden space 65536K, 100% used [0x000000076b200000,0x000000076f200000,0x000000076f200000)
  from space 10752K, 0% used [0x000000076f200000,0x000000076f200000,0x000000076fc80000)
  to   space 10752K, 0% used [0x0000000773c80000,0x0000000773c80000,0x0000000774700000)
 ParOldGen       total 77312K, used 6003K [0x00000006c1600000, 0x00000006c6180000, 0x000000076b200000)
  object space 77312K, 7% used [0x00000006c1600000,0x00000006c1bdce70,0x00000006c6180000)
 Metaspace       used 26656K, capacity 28116K, committed 28288K, reserved 1073152K
  class space    used 3810K, capacity 4130K, committed 4224K, reserved 1048576K
Event: 3.316 GC heap after
Heap after GC invocations=5 (full 1):
 PSYoungGen      total 131584K, used 4835K [0x000000076b200000, 0x0000000774200000, 0x00000007c0000000)
  eden space 125952K, 0% used [0x000000076b200000,0x000000076b200000,0x0000000772d00000)
  from space 5632K, 85% used [0x0000000773c80000,0x0000000774138ec8,0x0000000774200000)
  to   space 10752K, 0% used [0x0000000772d00000,0x0000000772d00000,0x0000000773780000)
 ParOldGen       total 77312K, used 6011K [0x00000006c1600000, 0x00000006c6180000, 0x000000076b200000)
  object space 77312K, 7% used [0x00000006c1600000,0x00000006c1bdee70,0x00000006c6180000)
 Metaspace       used 26656K, capacity 28116K, committed 28288K, reserved 1073152K
  class space    used 3810K, capacity 4130K, committed 4224K, reserved 1048576K
}

