# JRE version: Java(TM) SE Runtime Environment (8.0_91-b15) (build 1.8.0_91-b15)
# Java VM: Java HotSpot(TM) 64-Bit Server VM (25.91-b15 mixed mode windows-amd64 compressed oops)
Heap:
 PSYoungGen      total 131584K, used 20423K [0x000000076b200000, 0x0000000774200000, 0x00000007c0000000)
  eden space 125952K, 12% used [0x000000076b200000,0x000000076c118d38,0x0000000772d00000)
  from space 5632K, 88% used [0x0000000773c80000,0x0000000774158ed8,0x0000000774200000)
  to   space 10752K, 0% used [0x0000000772d00000,0x0000000772d00000,0x0000000773780000)
 ParOldGen       total 77312K, used 6018K [0x00000006c1600000, 0x00000006c6180000, 0x000000076b200000)
  object space 77312K, 7% used [0x00000006c1600000,0x00000006c1be0bc8,0x00000006c6180000)
 Metaspace       used 28545K, capacity 29970K, committed 30208K, reserved 1075200K
  class space    used 4034K, capacity 4324K, committed 4352K, reserved 1048576K
GC Heap History (10 events):
Event: 1.292 GC heap before
{Heap before GC invocations=1 (full 0):
 PSYoungGen      total 76288K, used 65536K [0x000000076b200000, 0x0000000770700000, 0x00000007c0000000)
  eden space 65536K, 100% used [0x000000076b200000,0x000000076f200000,0x000000076f200000)
  from space 10752K, 0% used [0x000000076fc80000,0x000000076fc80000,0x0000000770700000)
  to   space 10752K, 0% used [0x000000076f200000,0x000000076f200000,0x000000076fc80000)
 ParOldGen       total 175104K, used 0K [0x00000006c1600000, 0x00000006cc100000, 0x000000076b200000)
  object space 175104K, 0% used [0x00000006c1600000,0x00000006c1600000,0x00000006cc100000)
 Metaspace       used 14634K, capacity 15328K, committed 15488K, reserved 1062912K
  class space    used 1937K, capacity 2108K, committed 2176K, reserved 1048576K
Event: 1.299 GC heap after
Heap after GC invocations=1 (full 0):
 PSYoungGen      total 76288K, used 8298K [0x000000076b200000, 0x0000000770700000, 0x00000007c0000000)
  eden space 65536K, 0% used [0x000000076b200000,0x000000076b200000,0x000000076f200000)
  from space 10752K, 77% used [0x000000076f200000,0x000000076fa1a940,0x000000076fc80000)
  to   space 10752K, 0% used [0x000000076fc80000,0x000000076fc80000,0x0000000770700000)
 ParOldGen       total 175104K, used 16K [0x00000006c1600000, 0x00000006cc100000, 0x000000076b200000)
  object space 175104K, 0% used [0x00000006c1600000,0x00000006c1604000,0x00000006cc100000)
 Metaspace       used 14634K, capacity 15328K, committed 15488K, reserved 1062912K
  class space    used 1937K, capacity 2108K, committed 2176K, reserved 1048576K
}
Event: 1.792 GC heap before
{Heap before GC invocations=2 (full 0):
 PSYoungGen      total 76288K, used 73834K [0x000000076b200000, 0x0000000770700000, 0x00000007c0000000)
  eden space 65536K, 100% used [0x000000076b200000,0x000000076f200000,0x000000076f200000)
  from space 10752K, 77% used [0x000000076f200000,0x000000076fa1a940,0x000000076fc80000)
  to   space 10752K, 0% used [0x000000076fc80000,0x000000076fc80000,0x0000000770700000)
 ParOldGen       total 175104K, used 16K [0x00000006c1600000, 0x00000006cc100000, 0x000000076b200000)
  object space 175104K, 0% used [0x00000006c1600000,0x00000006c1604000,0x00000006cc100000)
 Metaspace       used 20060K, capacity 21254K, committed 21296K, reserved 1067008K
  class space    used 2691K, capacity 2935K, committed 2944K, reserved 1048576K
Event: 1.801 GC heap after
Heap after GC invocations=2 (full 0):
 PSYoungGen      total 76288K, used 10726K [0x000000076b200000, 0x0000000774700000, 0x00000007c0000000)
  eden space 65536K, 0% used [0x000000076b200000,0x000000076b200000,0x000000076f200000)
  from space 10752K, 99% used [0x000000076fc80000,0x00000007706f9970,0x0000000770700000)
  to   space 10752K, 0% used [0x000000076f200000,0x000000076f200000,0x000000076fc80000)
 ParOldGen       total 175104K, used 788K [0x00000006c1600000, 0x00000006cc100000, 0x000000076b200000)
  object space 175104K, 0% used [0x00000006c1600000,0x00000006c16c5380,0x00000006cc100000)
 Metaspace       used 20060K, capacity 21254K, committed 21296K, reserved 1067008K
  class space    used 2691K, capacity 2935K, committed 2944K, reserved 1048576K
}
Event: 1.805 GC heap before
{Heap before GC invocations=3 (full 0):
 PSYoungGen      total 76288K, used 11945K [0x000000076b200000, 0x0000000774700000, 0x00000007c0000000)
  eden space 65536K, 1% used [0x000000076b200000,0x000000076b330b90,0x000000076f200000)
  from space 10752K, 99% used [0x000000076fc80000,0x00000007706f9970,0x0000000770700000)
  to   space 10752K, 0% used [0x000000076f200000,0x000000076f200000,0x000000076fc80000)
 ParOldGen       total 175104K, used 788K [0x00000006c1600000, 0x00000006cc100000, 0x000000076b200000)
  object space 175104K, 0% used [0x00000006c1600000,0x00000006c16c5380,0x00000006cc100000)
 Metaspace       used 20100K, capacity 21254K, committed 21296K, reserved 1067008K
  class space    used 2699K, capacity 2935K, committed 2944K, reserved 1048576K
Event: 1.809 GC heap after
Heap after GC invocations=3 (full 0):
 PSYoungGen      total 76288K, used 6152K [0x000000076b200000, 0x0000000774700000, 0x00000007c0000000)
  eden space 65536K, 0% used [0x000000076b200000,0x000000076b200000,0x000000076f200000)
  from space 10752K, 57% used [0x000000076f200000,0x000000076f802040,0x000000076fc80000)
  to   space 10752K, 0% used [0x0000000773c80000,0x0000000773c80000,0x0000000774700000)
 ParOldGen       total 175104K, used 796K [0x00000006c1600000, 0x00000006cc100000, 0x000000076b200000)
  object space 175104K, 0% used [0x00000006c1600000,0x00000006c16c7380,0x00000006cc100000)
 Metaspace       used 20100K, capacity 21254K, committed 21296K, reserved 1067008K
  class space    used 2699K, capacity 2935K, committed 2944K, reserved 1048576K
}
Event: 1.809 GC heap before
{Heap before GC invocations=4 (full 1):
 PSYoungGen      total 76288K, used 6152K [0x000000076b200000, 0x0000000774700000, 0x00000007c0000000)
  eden space 65536K, 0% used [0x000000076b200000,0x000000076b200000,0x000000076f200000)
  from space 10752K, 57% used [0x000000076f200000,0x000000076f802040,0x000000076fc80000)
  to   space 10752K, 0% used [0x0000000773c80000,0x0000000773c80000,0x0000000774700000)
 ParOldGen       total 175104K, used 796K [0x00000006c1600000, 0x00000006cc100000, 0x000000076b200000)
  object space 175104K, 0% used [0x00000006c1600000,0x00000006c16c7380,0x00000006cc100000)
 Metaspace       used 20100K, capacity 21254K, committed 21296K, reserved 1067008K
  class space    used 2699K, capacity 2935K, committed 2944K, reserved 1048576K
Event: 1.831 GC heap after
Heap after GC invocations=4 (full 1):
 PSYoungGen      total 76288K, used 0K [0x000000076b200000, 0x0000000774700000, 0x00000007c0000000)
  eden space 65536K, 0% used [0x000000076b200000,0x000000076b200000,0x000000076f200000)
  from space 10752K, 0% used [0x000000076f200000,0x000000076f200000,0x000000076fc80000)
  to   space 10752K, 0% used [0x0000000773c80000,0x0000000773c80000,0x0000000774700000)
 ParOldGen       total 77312K, used 6010K [0x00000006c1600000, 0x00000006c6180000, 0x000000076b200000)
  object space 77312K, 7% used [0x00000006c1600000,0x00000006c1bdebc8,0x00000006c6180000)
 Metaspace       used 20100K, capacity 21254K, committed 21296K, reserved 1067008K
  class space    used 2699K, capacity 2935K, committed 2944K, reserved 1048576K
}
Event: 2.375 GC heap before
{Heap before GC invocations=5 (full 1):
 PSYoungGen      total 76288K, used 65536K [0x000000076b200000, 0x0000000774700000, 0x00000007c0000000)
  eden space 65536K, 100% used [0x000000076b200000,0x000000076f200000,0x000000076f200000)
  from space 10752K, 0% used [0x000000076f200000,0x000000076f200000,0x000000076fc80000)
  to   space 10752K, 0% used [0x0000000773c80000,0x0000000773c80000,0x0000000774700000)
 ParOldGen       total 77312K, used 6010K [0x00000006c1600000, 0x00000006c6180000, 0x000000076b200000)
  object space 77312K, 7% used [0x00000006c1600000,0x00000006c1bdebc8,0x00000006c6180000)
 Metaspace       used 26986K, capacity 28428K, committed 28544K, reserved 1073152K
  class space    used 3877K, capacity 4194K, committed 4224K, reserved 1048576K
Event: 2.379 GC heap after
Heap after GC invocations=5 (full 1):
 PSYoungGen      total 131584K, used 4963K [0x000000076b200000, 0x0000000774200000, 0x00000007c0000000)
  eden space 125952K, 0% used [0x000000076b200000,0x000000076b200000,0x0000000772d00000)
  from space 5632K, 88% used [0x0000000773c80000,0x0000000774158ed8,0x0000000774200000)
  to   space 10752K, 0% used [0x0000000772d00000,0x0000000772d00000,0x0000000773780000)
 ParOldGen       total 77312K, used 6018K [0x00000006c1600000, 0x00000006c6180000, 0x000000076b200000)
  object space 77312K, 7% used [0x00000006c1600000,0x00000006c1be0bc8,0x00000006c6180000)
 Metaspace       used 26986K, capacity 28428K, committed 28544K, reserved 1073152K
  class space    used 3877K, capacity 4194K, committed 4224K, reserved 1048576K
}

